e:\github\coursenosov\coursenosov\debug\vc142.pdb
e:\github\coursenosov\coursenosov\debug\vc142.idb
e:\github\coursenosov\coursenosov\debug\map.obj
e:\github\coursenosov\coursenosov\debug\drawer.obj
e:\github\coursenosov\coursenosov\debug\game.obj
e:\github\coursenosov\coursenosov\debug\entity.obj
e:\github\coursenosov\coursenosov\debug\enemy.obj
e:\github\coursenosov\coursenosov\debug\dynamic.obj
e:\github\coursenosov\coursenosov\debug\being.obj
e:\github\coursenosov\coursenosov\debug\player.obj
e:\github\coursenosov\coursenosov\debug\gui.obj
e:\github\coursenosov\debug\coursenosov.exe
e:\github\coursenosov\debug\coursenosov.ilk
e:\github\coursenosov\debug\coursenosov.pdb
e:\github\coursenosov\coursenosov\debug\sdl2.res
e:\github\coursenosov\coursenosov\debug\player.obj.enc
e:\github\coursenosov\coursenosov\debug\coursenosov.tlog\cl.command.1.tlog
e:\github\coursenosov\coursenosov\debug\coursenosov.tlog\cl.read.1.tlog
e:\github\coursenosov\coursenosov\debug\coursenosov.tlog\cl.write.1.tlog
e:\github\coursenosov\coursenosov\debug\coursenosov.tlog\link.command.1.tlog
e:\github\coursenosov\coursenosov\debug\coursenosov.tlog\link.read.1.tlog
e:\github\coursenosov\coursenosov\debug\coursenosov.tlog\link.write.1.tlog
e:\github\coursenosov\coursenosov\debug\coursenosov.tlog\rc.command.1.tlog
e:\github\coursenosov\coursenosov\debug\coursenosov.tlog\rc.read.1.tlog
e:\github\coursenosov\coursenosov\debug\coursenosov.tlog\rc.write.1.tlog
